<?xml version="1.0" encoding="UTF-8"?>
<testsuites name="jest tests" tests="127" failures="1" errors="0" time="452.667">
  <testsuite name="Channel test" errors="0" failures="1" skipped="1" timestamp="2024-11-28T20:15:52" time="193.038" tests="46">
    <testcase classname="Channel test should create a channel" name="Channel test should create a channel" time="1.259">
    </testcase>
    <testcase classname="Channel test Should be able to delete channel" name="Channel test Should be able to delete channel" time="2.181">
    </testcase>
    <testcase classname="Channel test should get channel history" name="Channel test should get channel history" time="1.565">
    </testcase>
    <testcase classname="Channel test should get channel history with pagination" name="Channel test should get channel history with pagination" time="2.819">
    </testcase>
    <testcase classname="Channel test should fail when trying to send a message to a non-existent channel" name="Channel test should fail when trying to send a message to a non-existent channel" time="1.24">
    </testcase>
    <testcase classname="Channel test should fail when trying to send a message to a deleted channel" name="Channel test should fail when trying to send a message to a deleted channel" time="1.404">
    </testcase>
    <testcase classname="Channel test should fail when trying to get history of a deleted channel" name="Channel test should fail when trying to get history of a deleted channel" time="1.367">
    </testcase>
    <testcase classname="Channel test should edit membership metadata" name="Channel test should edit membership metadata" time="3.296">
    </testcase>
    <testcase classname="Channel test should create a direct, group and public chats with a predefined ID" name="Channel test should create a direct, group and public chats with a predefined ID" time="5.483">
    </testcase>
    <testcase classname="Channel test should create a direct, group and public chats with default IDs" name="Channel test should create a direct, group and public chats with default IDs" time="6.122">
    </testcase>
    <testcase classname="Channel test should create direct conversation and send message" name="Channel test should create direct conversation and send message" time="5.014">
    </testcase>
    <testcase classname="Channel test should create group conversation" name="Channel test should create group conversation" time="4.411">
    </testcase>
    <testcase classname="Channel test should create a thread" name="Channel test should create a thread" time="3.054">
    </testcase>
    <testcase classname="Channel test should not be able to create an empty Thread without any message" name="Channel test should not be able to create an empty Thread without any message" time="0.969">
    </testcase>
    <testcase classname="Channel test should stream channel updates and invoke the callback" name="Channel test should stream channel updates and invoke the callback" time="1.734">
    </testcase>
    <testcase classname="Channel test should stream membership updates and invoke the callback" name="Channel test should stream membership updates and invoke the callback" time="3.41">
    </testcase>
    <testcase classname="Channel test should get unread messages count" name="Channel test should get unread messages count" time="4.06">
    </testcase>
    <testcase classname="Channel test should mention users in a message and validate mentioned users" name="Channel test should mention users in a message and validate mentioned users" time="3.578">
    </testcase>
    <testcase classname="Channel test should mention users with multi-word names in a message and validate mentioned users" name="Channel test should mention users with multi-word names in a message and validate mentioned users" time="3.655">
    </testcase>
    <testcase classname="Channel test should send a message with words that start with @ but are not user mentions" name="Channel test should send a message with words that start with @ but are not user mentions" time="1.332">
    </testcase>
    <testcase classname="Channel test should try to mention users with incorrect usernames and validate no users are mentioned" name="Channel test should try to mention users with incorrect usernames and validate no users are mentioned" time="2.904">
    </testcase>
    <testcase classname="Channel test should suggest global users who are not members of the channel" name="Channel test should suggest global users who are not members of the channel" time="8.693">
    </testcase>
    <testcase classname="Channel test should mention the same user multiple times in a message and validate mentioned users" name="Channel test should mention the same user multiple times in a message and validate mentioned users" time="2.566">
    </testcase>
    <testcase classname="Channel test should correctly add and remove mentioned user" name="Channel test should correctly add and remove mentioned user" time="3.236">
    </testcase>
    <testcase classname="Channel test should correctly add and remove the middle mentioned user" name="Channel test should correctly add and remove the middle mentioned user" time="4.508">
    </testcase>
    <testcase classname="Channel test should mention user in a message and validate cache" name="Channel test should mention user in a message and validate cache" time="0">
      <skipped/>
    </testcase>
    <testcase classname="Channel test should add and remove a quote" name="Channel test should add and remove a quote" time="1.341">
    </testcase>
    <testcase classname="Channel test should throw an error when trying to quote a message from another channel" name="Channel test should throw an error when trying to quote a message from another channel" time="2.283">
    </testcase>
    <testcase classname="Channel test should quote multiple messages" name="Channel test should quote multiple messages" time="1.625">
    </testcase>
    <testcase classname="Channel test should correctly stream read receipts" name="Channel test should correctly stream read receipts" time="2.858">
      <failure>Error: expect(jest.fn()).toHaveBeenCalledTimes(expected)

Expected number of calls: 1
Received number of calls: 2
    at Object.toHaveBeenCalledTimes (/Users/wojciech.kalicinski/projects/pubnub-chat/js-chat/tests/channel.test.ts:762:26)</failure>
    </testcase>
    <testcase classname="Channel test should invite a user to the channel" name="Channel test should invite a user to the channel" time="3.849">
    </testcase>
    <testcase classname="Channel test should invite multiple users to the channel" name="Channel test should invite multiple users to the channel" time="2.949">
    </testcase>
    <testcase classname="Channel test should verify if user is a member of a channel" name="Channel test should verify if user is a member of a channel" time="4.66">
    </testcase>
    <testcase classname="Channel test should verify if user is online on a channel" name="Channel test should verify if user is online on a channel" time="8.174">
    </testcase>
    <testcase classname="Channel test should verify all user-related mentions using getCurrentUserMentions()" name="Channel test should verify all user-related mentions using getCurrentUserMentions()" time="3.639">
    </testcase>
    <testcase classname="Channel test Should fail when trying to edit membership metadata of a non-existent channel" name="Channel test Should fail when trying to edit membership metadata of a non-existent channel" time="1.263">
    </testcase>
    <testcase classname="Channel test Should create direct conversation, edit, and delete a message" name="Channel test Should create direct conversation, edit, and delete a message" time="5.216">
    </testcase>
    <testcase classname="Channel test should create, reply to, and delete a thread" name="Channel test should create, reply to, and delete a thread" time="3.702">
    </testcase>
    <testcase classname="Channel test should create, reply to, delete a thread, and recreate the deleted thread" name="Channel test should create, reply to, delete a thread, and recreate the deleted thread" time="5.073">
    </testcase>
    <testcase classname="Channel test Should mention users with special characters in their names and validate mentioned users" name="Channel test Should mention users with special characters in their names and validate mentioned users" time="3.572">
    </testcase>
    <testcase classname="Channel test should create a group chat channel" name="Channel test should create a group chat channel" time="6.636">
    </testcase>
    <testcase classname="Channel test should create a public chat channel" name="Channel test should create a public chat channel" time="2.195">
    </testcase>
    <testcase classname="Channel test should set (or lift) restrictions on a user" name="Channel test should set (or lift) restrictions on a user" time="3.863">
    </testcase>
    <testcase classname="Channel test Should get the number of unread messages on channels" name="Channel test Should get the number of unread messages on channels" time="2.369">
    </testcase>
    <testcase classname="Channel test should set &apos;eTag&apos; and &apos;updated&apos; on the Membership object" name="Channel test should set &apos;eTag&apos; and &apos;updated&apos; on the Membership object" time="0.955">
    </testcase>
    <testcase classname="Channel test should set &apos;eTag&apos; and &apos;updated&apos; on the Membership object in real time" name="Channel test should set &apos;eTag&apos; and &apos;updated&apos; on the Membership object in real time" time="5.305">
    </testcase>
  </testsuite>
  <testsuite name="Send message test" errors="0" failures="0" skipped="2" timestamp="2024-11-28T20:19:05" time="187.543" tests="47">
    <testcase classname="Send message test should send and receive unicode messages correctly" name="Send message test should send and receive unicode messages correctly" time="11.664">
    </testcase>
    <testcase classname="Send message test should send and receive regular text messages correctly" name="Send message test should send and receive regular text messages correctly" time="3.441">
    </testcase>
    <testcase classname="Send message test should delete the message" name="Send message test should delete the message" time="1.541">
    </testcase>
    <testcase classname="Send message test should restore a soft deleted message" name="Send message test should restore a soft deleted message" time="2.288">
    </testcase>
    <testcase classname="Send message test should restore a soft deleted message together with its thread" name="Send message test should restore a soft deleted message together with its thread" time="5.836">
    </testcase>
    <testcase classname="Send message test should only log a warning if you try to restore an undeleted message" name="Send message test should only log a warning if you try to restore an undeleted message" time="1.062">
    </testcase>
    <testcase classname="Send message test should throw an error if you try to create a thread on a deleted message" name="Send message test should throw an error if you try to create a thread on a deleted message" time="1.647">
    </testcase>
    <testcase classname="Send message test should edit the message" name="Send message test should edit the message" time="1.021">
    </testcase>
    <testcase classname="Send message test should toggle the message reaction" name="Send message test should toggle the message reaction" time="1.167">
    </testcase>
    <testcase classname="Send message test should pin the message" name="Send message test should pin the message" time="1.323">
    </testcase>
    <testcase classname="Send message test should unpin the message" name="Send message test should unpin the message" time="1.687">
    </testcase>
    <testcase classname="Send message test should stream message updates and invoke the callback" name="Send message test should stream message updates and invoke the callback" time="3.068">
    </testcase>
    <testcase classname="Send message test should render URLs correctly" name="Send message test should render URLs correctly" time="3.201">
    </testcase>
    <testcase classname="Send message test should add linked text correctly" name="Send message test should add linked text correctly" time="0.641">
    </testcase>
    <testcase classname="Send message test should throw an error for invalid link format" name="Send message test should throw an error for invalid link format" time="0.674">
    </testcase>
    <testcase classname="Send message test should throw an error if adding a link inside another link" name="Send message test should throw an error if adding a link inside another link" time="0.633">
    </testcase>
    <testcase classname="Send message test should remove a linked URL correctly" name="Send message test should remove a linked URL correctly" time="0.626">
    </testcase>
    <testcase classname="Send message test should report a message" name="Send message test should report a message" time="1.817">
    </testcase>
    <testcase classname="Send message test should report a message (deprecated)" name="Send message test should report a message (deprecated)" time="0">
      <skipped/>
    </testcase>
    <testcase classname="Send message test should send multiple image files along with a text message correctly" name="Send message test should send multiple image files along with a text message correctly" time="3.989">
    </testcase>
    <testcase classname="Send message test should send image file along with a text message correctly" name="Send message test should send image file along with a text message correctly" time="3.616">
    </testcase>
    <testcase classname="Send message test should send pdf file along with a text message correctly" name="Send message test should send pdf file along with a text message correctly" time="3.686">
    </testcase>
    <testcase classname="Send message test should send txt file along with a text message correctly" name="Send message test should send txt file along with a text message correctly" time="3.442">
    </testcase>
    <testcase classname="Send message test should send mp4 file along with a text message correctly" name="Send message test should send mp4 file along with a text message correctly" time="4.593">
    </testcase>
    <testcase classname="Send message test should send multiple different types of files along with a text message correctly" name="Send message test should send multiple different types of files along with a text message correctly" time="3.68">
    </testcase>
    <testcase classname="Send message test shouldn&apos;t allow to send image file over 5 mb along with a text message" name="Send message test shouldn&apos;t allow to send image file over 5 mb along with a text message" time="0">
      <skipped/>
    </testcase>
    <testcase classname="Send message test should send 3 messages with proper delays and verify rate limiter" name="Send message test should send 3 messages with proper delays and verify rate limiter" time="4.716">
    </testcase>
    <testcase classname="Send message test should send long messages and validate correct rendering" name="Send message test should send long messages and validate correct rendering" time="9.154">
    </testcase>
    <testcase classname="Send message test should fail to send an empty or whitespace-only message" name="Send message test should fail to send an empty or whitespace-only message" time="0.776">
    </testcase>
    <testcase classname="Send message test should send and receive messages in various languages correctly" name="Send message test should send and receive messages in various languages correctly" time="15.544">
    </testcase>
    <testcase classname="Send message test should toggle the message reaction and then delete the message reaction" name="Send message test should toggle the message reaction and then delete the message reaction" time="1.405">
    </testcase>
    <testcase classname="Send message test should be unable to pin multiple messages" name="Send message test should be unable to pin multiple messages" time="2.045">
    </testcase>
    <testcase classname="Send message test should not allow inserting a link inside another link" name="Send message test should not allow inserting a link inside another link" time="0.627">
    </testcase>
    <testcase classname="Send message test should send quote message in a Thread" name="Send message test should send quote message in a Thread" time="3.56">
    </testcase>
    <testcase classname="Send message test should pin the message inside the Thread" name="Send message test should pin the message inside the Thread" time="2.955">
    </testcase>
    <testcase classname="Send message test should encrypt and decrypt a message" name="Send message test should encrypt and decrypt a message" time="6.566">
    </testcase>
    <testcase classname="Send message test should encrypt and decrypt a file" name="Send message test should encrypt and decrypt a file" time="6.834">
    </testcase>
    <testcase classname="Send message test should still view text messages sent before enabling encryption" name="Send message test should still view text messages sent before enabling encryption" time="5.815">
    </testcase>
    <testcase classname="Send message test should still view files sent before enabling encryption" name="Send message test should still view files sent before enabling encryption" time="6.611">
    </testcase>
    <testcase classname="Send message test should be able to decrypt text and file messages sent using a previous encryption key" name="Send message test should be able to decrypt text and file messages sent using a previous encryption key" time="6.611">
    </testcase>
    <testcase classname="Send message test should send a message with custom body and transform it to TextMessageContent when received" name="Send message test should send a message with custom body and transform it to TextMessageContent when received" time="1.69">
    </testcase>
    <testcase classname="Send message test should send a message with custom body and crash if getMessageResponseBody is incorrect" name="Send message test should send a message with custom body and crash if getMessageResponseBody is incorrect" time="1.683">
    </testcase>
    <testcase classname="Send message test should be able to pass custom edit and delete action names" name="Send message test should be able to pass custom edit and delete action names" time="2.892">
    </testcase>
    <testcase classname="Send message test should work fine even for multiple schemas on different channels" name="Send message test should work fine even for multiple schemas on different channels" time="2.549">
    </testcase>
    <testcase classname="Send message test should be able to read live messages with custom payloads as well" name="Send message test should be able to read live messages with custom payloads as well" time="3.487">
    </testcase>
    <testcase classname="Send message test should be able to read live encrypted messages with custom payloads" name="Send message test should be able to read live encrypted messages with custom payloads" time="4.755">
    </testcase>
    <testcase classname="Send message test should be able to read historic encrypted messages with custom payloads" name="Send message test should be able to read historic encrypted messages with custom payloads" time="2.153">
    </testcase>
  </testsuite>
  <testsuite name="MessageDraft" errors="0" failures="0" skipped="0" timestamp="2024-11-28T20:22:12" time="23.367" tests="11">
    <testcase classname="MessageDraft should mention 2 users" name="MessageDraft should mention 2 users" time="1.593">
    </testcase>
    <testcase classname="MessageDraft should mention 2 - 3 users next to each other" name="MessageDraft should mention 2 - 3 users next to each other" time="1.611">
    </testcase>
    <testcase classname="MessageDraft should mention 2 - 3 users with words between second and third" name="MessageDraft should mention 2 - 3 users with words between second and third" time="1.613">
    </testcase>
    <testcase classname="MessageDraft should reference 2 channels" name="MessageDraft should reference 2 channels" time="1.545">
    </testcase>
    <testcase classname="MessageDraft should reference 2 channels and 2 mentions" name="MessageDraft should reference 2 channels and 2 mentions" time="2.473">
    </testcase>
    <testcase classname="MessageDraft should reference 2 channels and 2 mentions with commas" name="MessageDraft should reference 2 channels and 2 mentions with commas" time="2.498">
    </testcase>
    <testcase classname="MessageDraft should reference 2 channels and 2 mentions with commas - another variation" name="MessageDraft should reference 2 channels and 2 mentions with commas - another variation" time="2.53">
    </testcase>
    <testcase classname="MessageDraft should add 2 text links and 2 plain links" name="MessageDraft should add 2 text links and 2 plain links" time="0.648">
    </testcase>
    <testcase classname="MessageDraft should mix every type of message part" name="MessageDraft should mix every type of message part" time="2.55">
    </testcase>
    <testcase classname="MessageDraft should mix every type of message part - variant 2" name="MessageDraft should mix every type of message part - variant 2" time="3.156">
    </testcase>
    <testcase classname="MessageDraft should reference 3 channels and 3 mentions with no order" name="MessageDraft should reference 3 channels and 3 mentions with no order" time="2.603">
    </testcase>
  </testsuite>
  <testsuite name="User test" errors="0" failures="0" skipped="0" timestamp="2024-11-28T20:22:35" time="25.437" tests="11">
    <testcase classname="User test Should automatically create chat user while initializing" name="User test Should automatically create chat user while initializing" time="0.622">
    </testcase>
    <testcase classname="User test Should be able to create and fetch user" name="User test Should be able to create and fetch user" time="0.94">
    </testcase>
    <testcase classname="User test Should be able to update user" name="User test Should be able to update user" time="1.266">
    </testcase>
    <testcase classname="User test Should be able to delete user" name="User test Should be able to delete user" time="1.913">
    </testcase>
    <testcase classname="User test Should stream user updates and invoke the callback" name="User test Should stream user updates and invoke the callback" time="1.444">
    </testcase>
    <testcase classname="User test should update the user even if they&apos;re a member of a particular channel" name="User test should update the user even if they&apos;re a member of a particular channel" time="4.899">
    </testcase>
    <testcase classname="User test should update the user even if they&apos;re not a member of a particular channel" name="User test should update the user even if they&apos;re not a member of a particular channel" time="4.88">
    </testcase>
    <testcase classname="User test Should be able to create, fetch, and validate multiple users" name="User test Should be able to create, fetch, and validate multiple users" time="5.359">
    </testcase>
    <testcase classname="User test Should fail to update a non-existent user" name="User test Should fail to update a non-existent user" time="0.926">
    </testcase>
    <testcase classname="User test Should fail to delete a non-existent user" name="User test Should fail to delete a non-existent user" time="0.925">
    </testcase>
    <testcase classname="User test Should apply filter to &apos;getMemberships&apos;" name="User test Should apply filter to &apos;getMemberships&apos;" time="1.777">
    </testcase>
  </testsuite>
  <testsuite name="Typing indicator test" errors="0" failures="0" skipped="1" timestamp="2024-11-28T20:23:01" time="22.995" tests="4">
    <testcase classname="Typing indicator test should call the callback with the typing value when a typing signal is received" name="Typing indicator test should call the callback with the typing value when a typing signal is received" time="3.839">
    </testcase>
    <testcase classname="Typing indicator test should not call the callback when the typing signal is from the same user as the recipient" name="Typing indicator test should not call the callback when the typing signal is from the same user as the recipient" time="0">
      <skipped/>
    </testcase>
    <testcase classname="Typing indicator test should handle multiple users starting and stopping typing" name="Typing indicator test should handle multiple users starting and stopping typing" time="10.953">
    </testcase>
    <testcase classname="Typing indicator test should properly handle typing and stopping typing" name="Typing indicator test should properly handle typing and stopping typing" time="4.889">
    </testcase>
  </testsuite>
  <testsuite name="Channel test" errors="0" failures="0" skipped="0" timestamp="2024-11-28T20:23:24" time="0.225" tests="8">
    <testcase classname="Channel test should convert unix timestamp to PubNub timetoken" name="Channel test should convert unix timestamp to PubNub timetoken" time="0.002">
    </testcase>
    <testcase classname="Channel test should throw an error if the passed value for unix timestamp is not a number" name="Channel test should throw an error if the passed value for unix timestamp is not a number" time="0.001">
    </testcase>
    <testcase classname="Channel test should convert PubNub timetoken to unix timestamp" name="Channel test should convert PubNub timetoken to unix timestamp" time="0">
    </testcase>
    <testcase classname="Channel test should throw an error if the passed value for PN timetoken is not a number" name="Channel test should throw an error if the passed value for PN timetoken is not a number" time="0.001">
    </testcase>
    <testcase classname="Channel test should convert PubNub timetoken to a Date object" name="Channel test should convert PubNub timetoken to a Date object" time="0">
    </testcase>
    <testcase classname="Channel test should throw an error if the passed value for PN timetoken is not a number" name="Channel test should throw an error if the passed value for PN timetoken is not a number" time="0">
    </testcase>
    <testcase classname="Channel test should convert a Date object to PubNub timetoken" name="Channel test should convert a Date object to PubNub timetoken" time="0">
    </testcase>
    <testcase classname="Channel test should throw an error if the passed value for Date is not a Date" name="Channel test should throw an error if the passed value for Date is not a Date" time="0.001">
    </testcase>
  </testsuite>
</testsuites>